2023-05-15 14:40:06,983 [   1238]  ERROR - llij.ide.plugins.PluginManager - Missing essential plugins: com.intellij (platform prefix: Python) 
com.intellij.ide.plugins.PluginManagerCore$EssentialPluginMissingException: Missing essential plugins: com.intellij (platform prefix: Python)
	at com.intellij.ide.plugins.PluginManagerCore.initializePlugins(PluginManagerCore.java:898)
	at com.intellij.ide.plugins.PluginManagerCore.loadAndInitializePlugins(PluginManagerCore.java:1165)
	at com.intellij.ide.plugins.PluginManagerCore.lambda$initPlugins$14(PluginManagerCore.java:699)
	at java.base/java.util.concurrent.CompletableFuture.uniApplyNow(CompletableFuture.java:680)
	at java.base/java.util.concurrent.CompletableFuture.uniApplyStage(CompletableFuture.java:658)
	at java.base/java.util.concurrent.CompletableFuture.thenApply(CompletableFuture.java:2094)
	at com.intellij.ide.plugins.PluginManagerCore.initPlugins(PluginManagerCore.java:698)
	at com.intellij.idea.ApplicationLoader.initApplication(ApplicationLoader.kt:62)
	at java.base/jdk.internal.reflect.NativeMethodAccessorImpl.invoke0(Native Method)
	at java.base/jdk.internal.reflect.NativeMethodAccessorImpl.invoke(NativeMethodAccessorImpl.java:62)
	at java.base/jdk.internal.reflect.DelegatingMethodAccessorImpl.invoke(DelegatingMethodAccessorImpl.java:43)
	at java.base/java.lang.reflect.Method.invoke(Method.java:566)
	at com.intellij.idea.a.a(a.java:89)
	at com.intellij.ide.a.k.i.a(i.java:93)
	at com.intellij.ide.a.k.o.a(o.java:310)
	at com.intellij.ide.a.k.p.a(p.java:278)
	at com.intellij.ide.a.k.p.c(p.java:171)
	at com.intellij.ide.a.k.p.b(p.java:81)
	at java.base/java.util.concurrent.CompletableFuture.uniRunNow(CompletableFuture.java:815)
	at java.base/java.util.concurrent.CompletableFuture.uniRunStage(CompletableFuture.java:799)
	at java.base/java.util.concurrent.CompletableFuture.thenRun(CompletableFuture.java:2121)
	at java.base/jdk.internal.reflect.NativeMethodAccessorImpl.invoke0(Native Method)
	at java.base/jdk.internal.reflect.NativeMethodAccessorImpl.invoke(NativeMethodAccessorImpl.java:62)
	at java.base/jdk.internal.reflect.DelegatingMethodAccessorImpl.invoke(DelegatingMethodAccessorImpl.java:43)
	at java.base/java.lang.reflect.Method.invoke(Method.java:566)
	at com.intellij.ide.a.k.p.a(p.java:80)
	at java.base/jdk.internal.reflect.NativeMethodAccessorImpl.invoke0(Native Method)
	at java.base/jdk.internal.reflect.NativeMethodAccessorImpl.invoke(NativeMethodAccessorImpl.java:62)
	at java.base/jdk.internal.reflect.DelegatingMethodAccessorImpl.invoke(DelegatingMethodAccessorImpl.java:43)
	at java.base/java.lang.reflect.Method.invoke(Method.java:566)
	at com.intellij.idea.MainImpl.start(MainImpl.java:83)
	at com.intellij.idea.StartupUtil.lambda$start$16(StartupUtil.java:283)
	at java.base/java.util.concurrent.CompletableFuture$UniCompose.tryFire(CompletableFuture.java:1072)
	at java.base/java.util.concurrent.CompletableFuture.postComplete(CompletableFuture.java:506)
	at java.base/java.util.concurrent.CompletableFuture$AsyncSupply.run(CompletableFuture.java:1705)
	at java.base/java.util.concurrent.CompletableFuture$AsyncSupply.exec(CompletableFuture.java:1692)
	at java.base/java.util.concurrent.ForkJoinTask.doExec(ForkJoinTask.java:290)
	at java.base/java.util.concurrent.ForkJoinPool$WorkQueue.topLevelExec(ForkJoinPool.java:1020)
	at java.base/java.util.concurrent.ForkJoinPool.scan(ForkJoinPool.java:1656)
	at java.base/java.util.concurrent.ForkJoinPool.runWorker(ForkJoinPool.java:1594)
	at java.base/java.util.concurrent.ForkJoinWorkerThread.run(ForkJoinWorkerThread.java:183)
2023-05-15 14:40:06,987 [   1242]  ERROR - llij.ide.plugins.PluginManager - PyCharm 2021.2  Build #PY-212.4746.96 
2023-05-15 14:40:06,989 [   1244]  ERROR - llij.ide.plugins.PluginManager - JDK: 11.0.11; VM: OpenJDK 64-Bit Server VM; Vendor: JetBrains s.r.o. 
2023-05-15 14:40:06,989 [   1244]  ERROR - llij.ide.plugins.PluginManager - OS: Linux 

Corrupted Installation
Missing essential plugin:

  com.intellij (platform prefix: Python)

Please reinstall PyCharm from scratch.
2023-05-15 14:40:19,618 [   2093]   WARN - nSystem.impl.ActionManagerImpl - keymap "Visual Studio" not found [Plugin: com.intellij] 
2023-05-15 14:40:19,621 [   2096]   WARN - nSystem.impl.ActionManagerImpl - keymap "Eclipse" not found [Plugin: com.intellij] 
2023-05-15 14:40:19,621 [   2096]   WARN - nSystem.impl.ActionManagerImpl - keymap "NetBeans 6.5" not found [Plugin: com.intellij] 
2023-05-15 14:40:19,621 [   2096]   WARN - nSystem.impl.ActionManagerImpl - keymap "Visual Studio" not found [Plugin: com.intellij] 
2023-05-15 14:40:19,633 [   2108]   WARN - nSystem.impl.ActionManagerImpl - keymap "Visual Studio" not found [Plugin: HtmlTools] 
2023-05-15 14:40:19,667 [   2142]   WARN - nSystem.impl.ActionManagerImpl - keymap "Eclipse" not found [Plugin: org.jetbrains.plugins.github] 
2023-05-15 14:40:19,668 [   2143]   WARN - nSystem.impl.ActionManagerImpl - keymap "Eclipse" not found [Plugin: JavaScript] 
2023-05-15 14:40:19,668 [   2143]   WARN - nSystem.impl.ActionManagerImpl - keymap "Visual Studio" not found [Plugin: JavaScript] 
2023-05-15 14:40:19,675 [   2150]   WARN - nSystem.impl.ActionManagerImpl - keymap "Eclipse" not found [Plugin: Pythonid] 
2023-05-15 14:40:19,675 [   2150]   WARN - nSystem.impl.ActionManagerImpl - keymap "NetBeans 6.5" not found [Plugin: Pythonid] 
2023-05-15 14:40:19,675 [   2150]   WARN - nSystem.impl.ActionManagerImpl - keymap "Visual Studio" not found [Plugin: Pythonid] 
2023-05-15 14:40:19,675 [   2150]   WARN - nSystem.impl.ActionManagerImpl - keymap "Eclipse" not found [Plugin: Pythonid] 
2023-05-15 14:40:20,015 [   2490]   WARN - l.NotificationGroupManagerImpl - Notification group CodeWithMe is already registered (group=com.intellij.notification.NotificationGroup@7b95afcf). Plugin descriptor: PluginDescriptor(name=Code With Me, id=com.jetbrains.codeWithMe, descriptorPath=plugin.xml, path=~/devel_bin/pycharm-2021.2/plugins/cwm-plugin, version=212.4746.96, package=null) 
2023-05-15 14:40:35,265 [  17740]  ERROR - tartup.impl.StartupManagerImpl - Already disposed: Module: 'Livinglab_media-player' (disposed) 
com.intellij.serviceContainer.AlreadyDisposedException: Already disposed: Module: 'Livinglab_media-player' (disposed)
	at com.intellij.serviceContainer.ComponentManagerImpl.checkState(ComponentManagerImpl.kt:187)
	at com.intellij.serviceContainer.ComponentManagerImpl.getComponent(ComponentManagerImpl.kt:537)
	at com.intellij.openapi.roots.ModuleRootManager.getInstance(ModuleRootManager.java:37)
	at com.jetbrains.python.sdk.PythonSdkUtil.findPythonSdk(PythonSdkUtil.java:139)
	at com.jetbrains.python.sdk.PySdkExtKt.getPythonSdk(PySdkExt.kt:213)
	at com.jetbrains.python.newProject.welcome.PyWelcome.firstUserFile(PyWelcome.kt:129)
	at com.jetbrains.python.newProject.welcome.PyWelcome.isEmptyProject(PyWelcome.kt:125)
	at com.jetbrains.python.newProject.welcome.PyWelcome.welcomeUser(PyWelcome.kt:103)
	at com.jetbrains.python.newProject.welcome.PyWelcomeConfigurator$configureProject$1.run(PyWelcome.kt:68)
	at com.intellij.ide.startup.impl.StartupManagerImpl.runActivities(StartupManagerImpl.kt:316)
	at com.intellij.ide.startup.impl.StartupManagerImpl.runPostStartupActivitiesRegisteredDynamically(StartupManagerImpl.kt:273)
	at com.intellij.ide.startup.impl.StartupManagerImpl.runPostStartupActivities(StartupManagerImpl.kt:230)
	at com.intellij.ide.startup.impl.StartupManagerImpl.access$runPostStartupActivities(StartupManagerImpl.kt:59)
	at com.intellij.ide.startup.impl.StartupManagerImpl$projectOpened$3$1.run(StartupManagerImpl.kt:166)
	at com.intellij.openapi.progress.impl.CoreProgressManager.lambda$runProcess$2(CoreProgressManager.java:183)
	at com.intellij.openapi.progress.impl.CoreProgressManager.registerIndicatorAndRun(CoreProgressManager.java:705)
	at com.intellij.openapi.progress.impl.CoreProgressManager.executeProcessUnderProgress(CoreProgressManager.java:647)
	at com.intellij.openapi.progress.impl.ProgressManagerImpl.executeProcessUnderProgress(ProgressManagerImpl.java:63)
	at com.intellij.openapi.progress.impl.CoreProgressManager.runProcess(CoreProgressManager.java:170)
	at com.intellij.openapi.progress.util.BackgroundTaskUtil.runUnderDisposeAwareIndicator(BackgroundTaskUtil.java:270)
	at com.intellij.openapi.progress.util.BackgroundTaskUtil.runUnderDisposeAwareIndicator(BackgroundTaskUtil.java:248)
	at com.intellij.ide.startup.impl.StartupManagerImpl$projectOpened$3.run(StartupManagerImpl.kt:166)
	at java.base/java.util.concurrent.ForkJoinTask$RunnableExecuteAction.exec(ForkJoinTask.java:1426)
	at java.base/java.util.concurrent.ForkJoinTask.doExec(ForkJoinTask.java:290)
	at java.base/java.util.concurrent.ForkJoinPool$WorkQueue.topLevelExec(ForkJoinPool.java:1020)
	at java.base/java.util.concurrent.ForkJoinPool.scan(ForkJoinPool.java:1656)
	at java.base/java.util.concurrent.ForkJoinPool.runWorker(ForkJoinPool.java:1594)
	at java.base/java.util.concurrent.ForkJoinWorkerThread.run(ForkJoinWorkerThread.java:183)
2023-05-15 14:40:35,267 [  17742]  ERROR - tartup.impl.StartupManagerImpl - PyCharm 2021.2  Build #PY-212.4746.96 
2023-05-15 14:40:35,267 [  17742]  ERROR - tartup.impl.StartupManagerImpl - JDK: 11.0.11; VM: OpenJDK 64-Bit Server VM; Vendor: JetBrains s.r.o. 
2023-05-15 14:40:35,267 [  17742]  ERROR - tartup.impl.StartupManagerImpl - OS: Linux 
2023-05-15 14:40:35,349 [  17824]  ERROR - penapi.project.DumbServiceImpl - Error executing task com.jetbrains.django.DjangoFacetConfigurator$$Lambda$4238/0x0000000102098040@1af815f6 
com.intellij.serviceContainer.AlreadyDisposedException: Already disposed: Module: 'Livinglab_media-player' (disposed)
	at com.intellij.serviceContainer.ComponentManagerImpl.checkState(ComponentManagerImpl.kt:187)
	at com.intellij.serviceContainer.ComponentManagerImpl.getComponent(ComponentManagerImpl.kt:537)
	at com.intellij.facet.FacetManager.getInstance(FacetManager.java:15)
	at com.jetbrains.django.facet.DjangoFacet.getInstance(DjangoFacet.java:55)
	at com.jetbrains.django.facet.DjangoFacet.isPresent(DjangoFacet.java:73)
	at com.jetbrains.django.DjangoFacetConfigurator.detectDjangoFacet(DjangoFacetConfigurator.java:119)
	at com.jetbrains.django.DjangoFacetConfigurator.lambda$configureProject$0(DjangoFacetConfigurator.java:70)
	at com.intellij.openapi.project.DumbServiceImpl.doRun(DumbServiceImpl.java:401)
	at com.intellij.openapi.project.DumbServiceImpl.updateFinished(DumbServiceImpl.java:393)
	at com.intellij.openapi.project.TrackedEdtActivityService$TrackedEdtActivity.run(TrackedEdtActivityService.java:66)
	at com.intellij.openapi.application.TransactionGuardImpl.runWithWritingAllowed(TransactionGuardImpl.java:214)
	at com.intellij.openapi.application.TransactionGuardImpl.access$200(TransactionGuardImpl.java:21)
	at com.intellij.openapi.application.TransactionGuardImpl$2.run(TransactionGuardImpl.java:196)
	at com.intellij.openapi.application.impl.ApplicationImpl.runIntendedWriteActionOnCurrentThread(ApplicationImpl.java:794)
	at com.intellij.openapi.application.impl.ApplicationImpl.lambda$invokeLater$4(ApplicationImpl.java:350)
	at com.intellij.openapi.application.impl.FlushQueue.doRun(FlushQueue.java:84)
	at com.intellij.openapi.application.impl.FlushQueue.runNextEvent(FlushQueue.java:133)
	at com.intellij.openapi.application.impl.FlushQueue.flushNow(FlushQueue.java:46)
	at com.intellij.openapi.application.impl.FlushQueue$FlushNow.run(FlushQueue.java:189)
	at java.desktop/java.awt.event.InvocationEvent.dispatch(InvocationEvent.java:313)
	at java.desktop/java.awt.EventQueue.dispatchEventImpl(EventQueue.java:776)
	at java.desktop/java.awt.EventQueue$4.run(EventQueue.java:727)
	at java.desktop/java.awt.EventQueue$4.run(EventQueue.java:721)
	at java.base/java.security.AccessController.doPrivileged(Native Method)
	at java.base/java.security.ProtectionDomain$JavaSecurityAccessImpl.doIntersectionPrivilege(ProtectionDomain.java:85)
	at java.desktop/java.awt.EventQueue.dispatchEvent(EventQueue.java:746)
	at com.intellij.ide.IdeEventQueue.defaultDispatchEvent(IdeEventQueue.java:886)
	at com.intellij.ide.IdeEventQueue._dispatchEvent(IdeEventQueue.java:755)
	at com.intellij.ide.IdeEventQueue.lambda$dispatchEvent$7(IdeEventQueue.java:442)
	at com.intellij.openapi.progress.impl.CoreProgressManager.computePrioritized(CoreProgressManager.java:825)
	at com.intellij.ide.IdeEventQueue.lambda$dispatchEvent$8(IdeEventQueue.java:441)
	at com.intellij.openapi.application.impl.ApplicationImpl.runIntendedWriteActionOnCurrentThread(ApplicationImpl.java:794)
	at com.intellij.ide.IdeEventQueue.dispatchEvent(IdeEventQueue.java:487)
	at java.desktop/java.awt.EventDispatchThread.pumpOneEventForFilters(EventDispatchThread.java:203)
	at java.desktop/java.awt.EventDispatchThread.pumpEventsForFilter(EventDispatchThread.java:124)
	at java.desktop/java.awt.EventDispatchThread.pumpEventsForHierarchy(EventDispatchThread.java:113)
	at java.desktop/java.awt.EventDispatchThread.pumpEvents(EventDispatchThread.java:109)
	at java.desktop/java.awt.EventDispatchThread.pumpEvents(EventDispatchThread.java:101)
	at java.desktop/java.awt.EventDispatchThread.run(EventDispatchThread.java:90)
2023-05-15 14:40:35,349 [  17824]  ERROR - penapi.project.DumbServiceImpl - PyCharm 2021.2  Build #PY-212.4746.96 
2023-05-15 14:40:35,349 [  17824]  ERROR - penapi.project.DumbServiceImpl - JDK: 11.0.11; VM: OpenJDK 64-Bit Server VM; Vendor: JetBrains s.r.o. 
2023-05-15 14:40:35,349 [  17824]  ERROR - penapi.project.DumbServiceImpl - OS: Linux 
2023-05-15 14:40:35,384 [  17859]  ERROR - intellij.openapi.progress.Task - Already disposed: Module: 'Livinglab_media-player' (disposed) 
com.intellij.serviceContainer.AlreadyDisposedException: Already disposed: Module: 'Livinglab_media-player' (disposed)
	at com.intellij.serviceContainer.ComponentManagerImpl.checkState(ComponentManagerImpl.kt:187)
	at com.intellij.serviceContainer.ComponentManagerImpl.getComponent(ComponentManagerImpl.kt:537)
	at com.intellij.openapi.roots.ModuleRootManager.getInstance(ModuleRootManager.java:37)
	at com.jetbrains.python.sdk.BasePySdkExtKt.getRootManager(BasePySdkExt.kt:10)
	at com.jetbrains.python.sdk.BasePySdkExtKt.getBaseDir(BasePySdkExt.kt:14)
	at com.jetbrains.python.sdk.BasePySdkExtKt.getBasePath(BasePySdkExt.kt:20)
	at com.jetbrains.python.sdk.PySdkExtKt.isAssociatedWithModule(PySdkExt.kt:176)
	at com.jetbrains.python.sdk.PySdkExtKt.filterAssociatedSdks(PySdkExt.kt:115)
	at com.jetbrains.python.PythonSdkConfigurator$configureSdk$1.invoke(PythonSdkConfigurator.kt:95)
	at com.jetbrains.python.PythonSdkConfigurator$configureSdk$1.invoke(PythonSdkConfigurator.kt:37)
	at com.jetbrains.python.PythonSdkConfigurator$sam$com_intellij_openapi_util_Computable$0.compute(PythonSdkConfigurator.kt)
	at com.intellij.openapi.progress.ProgressManager.lambda$runProcess$0(ProgressManager.java:57)
	at com.intellij.openapi.progress.impl.CoreProgressManager.lambda$runProcess$2(CoreProgressManager.java:183)
	at com.intellij.openapi.progress.impl.CoreProgressManager.registerIndicatorAndRun(CoreProgressManager.java:705)
	at com.intellij.openapi.progress.impl.CoreProgressManager.executeProcessUnderProgress(CoreProgressManager.java:647)
	at com.intellij.openapi.progress.impl.ProgressManagerImpl.executeProcessUnderProgress(ProgressManagerImpl.java:63)
	at com.intellij.openapi.progress.impl.CoreProgressManager.runProcess(CoreProgressManager.java:170)
	at com.intellij.openapi.progress.ProgressManager.runProcess(ProgressManager.java:57)
	at com.jetbrains.python.PythonSdkConfigurator$Companion.guardIndicator(PythonSdkConfigurator.kt:51)
	at com.jetbrains.python.PythonSdkConfigurator$Companion.access$guardIndicator(PythonSdkConfigurator.kt:38)
	at com.jetbrains.python.PythonSdkConfigurator.configureSdk(PythonSdkConfigurator.kt:95)
	at com.jetbrains.python.PythonSdkConfigurator.access$configureSdk(PythonSdkConfigurator.kt:37)
	at com.jetbrains.python.PythonSdkConfigurator$configureProject$2$1.run(PythonSdkConfigurator.kt:69)
	at com.intellij.openapi.progress.impl.CoreProgressManager.startTask(CoreProgressManager.java:450)
	at com.intellij.openapi.progress.impl.ProgressManagerImpl.startTask(ProgressManagerImpl.java:117)
	at com.intellij.openapi.progress.impl.CoreProgressManager.lambda$runProcessWithProgressAsync$5(CoreProgressManager.java:510)
	at com.intellij.openapi.progress.impl.ProgressRunner.lambda$submit$3(ProgressRunner.java:243)
	at com.intellij.openapi.progress.impl.CoreProgressManager.lambda$runProcess$2(CoreProgressManager.java:183)
	at com.intellij.openapi.progress.impl.CoreProgressManager.registerIndicatorAndRun(CoreProgressManager.java:705)
	at com.intellij.openapi.progress.impl.CoreProgressManager.executeProcessUnderProgress(CoreProgressManager.java:647)
	at com.intellij.openapi.progress.impl.ProgressManagerImpl.executeProcessUnderProgress(ProgressManagerImpl.java:63)
	at com.intellij.openapi.progress.impl.CoreProgressManager.runProcess(CoreProgressManager.java:170)
	at com.intellij.openapi.progress.impl.ProgressRunner.lambda$submit$4(ProgressRunner.java:243)
	at java.base/java.util.concurrent.CompletableFuture$AsyncSupply.run(CompletableFuture.java:1700)
	at java.base/java.util.concurrent.ThreadPoolExecutor.runWorker(ThreadPoolExecutor.java:1128)
	at java.base/java.util.concurrent.ThreadPoolExecutor$Worker.run(ThreadPoolExecutor.java:628)
	at java.base/java.util.concurrent.Executors$PrivilegedThreadFactory$1$1.run(Executors.java:668)
	at java.base/java.util.concurrent.Executors$PrivilegedThreadFactory$1$1.run(Executors.java:665)
	at java.base/java.security.AccessController.doPrivileged(Native Method)
	at java.base/java.util.concurrent.Executors$PrivilegedThreadFactory$1.run(Executors.java:665)
	at java.base/java.lang.Thread.run(Thread.java:829)
2023-05-15 14:40:35,385 [  17860]  ERROR - intellij.openapi.progress.Task - PyCharm 2021.2  Build #PY-212.4746.96 
2023-05-15 14:40:35,385 [  17860]  ERROR - intellij.openapi.progress.Task - JDK: 11.0.11; VM: OpenJDK 64-Bit Server VM; Vendor: JetBrains s.r.o. 
2023-05-15 14:40:35,385 [  17860]  ERROR - intellij.openapi.progress.Task - OS: Linux 
2023-05-15 14:40:35,976 [  18451]   WARN - .skeletons.PySkeletonRefresher - Some skeletons failed to generate 
2023-05-15 14:40:35,976 [  18451]   WARN - .skeletons.PySkeletonRefresher - Cryptodome.Cipher._ARC4 
2023-05-15 14:40:35,976 [  18451]   WARN - .skeletons.PySkeletonRefresher - Cryptodome.Cipher._Salsa20 
2023-05-15 14:40:35,976 [  18451]   WARN - .skeletons.PySkeletonRefresher - Cryptodome.Cipher._chacha20 
2023-05-15 14:40:35,976 [  18451]   WARN - .skeletons.PySkeletonRefresher - Cryptodome.Cipher._raw_aes 
2023-05-15 14:40:35,976 [  18451]   WARN - .skeletons.PySkeletonRefresher - Cryptodome.Cipher._raw_aesni 
2023-05-15 14:40:35,976 [  18451]   WARN - .skeletons.PySkeletonRefresher - Cryptodome.Cipher._raw_arc2 
2023-05-15 14:40:35,976 [  18451]   WARN - .skeletons.PySkeletonRefresher - Cryptodome.Cipher._raw_blowfish 
2023-05-15 14:40:35,976 [  18451]   WARN - .skeletons.PySkeletonRefresher - Cryptodome.Cipher._raw_cast 
2023-05-15 14:40:35,976 [  18451]   WARN - .skeletons.PySkeletonRefresher - Cryptodome.Cipher._raw_cbc 
2023-05-15 14:40:35,976 [  18451]   WARN - .skeletons.PySkeletonRefresher - Cryptodome.Cipher._raw_cfb 
2023-05-15 14:40:35,976 [  18451]   WARN - .skeletons.PySkeletonRefresher - Cryptodome.Cipher._raw_ctr 
2023-05-15 14:40:35,976 [  18451]   WARN - .skeletons.PySkeletonRefresher - Cryptodome.Cipher._raw_des 
2023-05-15 14:40:35,976 [  18451]   WARN - .skeletons.PySkeletonRefresher - Cryptodome.Cipher._raw_des3 
2023-05-15 14:40:35,976 [  18451]   WARN - .skeletons.PySkeletonRefresher - Cryptodome.Cipher._raw_ecb 
2023-05-15 14:40:35,976 [  18451]   WARN - .skeletons.PySkeletonRefresher - Cryptodome.Cipher._raw_ocb 
2023-05-15 14:40:35,976 [  18451]   WARN - .skeletons.PySkeletonRefresher - Cryptodome.Cipher._raw_ofb 
2023-05-15 14:40:35,976 [  18451]   WARN - .skeletons.PySkeletonRefresher - Cryptodome.Hash._BLAKE2b 
2023-05-15 14:40:35,976 [  18451]   WARN - .skeletons.PySkeletonRefresher - Cryptodome.Hash._BLAKE2s 
2023-05-15 14:40:35,976 [  18451]   WARN - .skeletons.PySkeletonRefresher - Cryptodome.Hash._MD2 
2023-05-15 14:40:35,976 [  18451]   WARN - .skeletons.PySkeletonRefresher - Cryptodome.Hash._MD4 
2023-05-15 14:40:35,976 [  18451]   WARN - .skeletons.PySkeletonRefresher - Cryptodome.Hash._MD5 
2023-05-15 14:40:35,976 [  18451]   WARN - .skeletons.PySkeletonRefresher - Cryptodome.Hash._RIPEMD160 
2023-05-15 14:40:35,976 [  18451]   WARN - .skeletons.PySkeletonRefresher - Cryptodome.Hash._SHA1 
2023-05-15 14:40:35,976 [  18451]   WARN - .skeletons.PySkeletonRefresher - Cryptodome.Hash._SHA224 
2023-05-15 14:40:35,976 [  18451]   WARN - .skeletons.PySkeletonRefresher - Cryptodome.Hash._SHA256 
2023-05-15 14:40:35,976 [  18451]   WARN - .skeletons.PySkeletonRefresher - Cryptodome.Hash._SHA384 
2023-05-15 14:40:35,976 [  18451]   WARN - .skeletons.PySkeletonRefresher - Cryptodome.Hash._SHA512 
2023-05-15 14:40:35,976 [  18451]   WARN - .skeletons.PySkeletonRefresher - Cryptodome.Hash._keccak 
2023-05-15 14:40:35,976 [  18451]   WARN - .skeletons.PySkeletonRefresher - Cryptodome.Math._montgomery 
2023-05-15 14:40:35,976 [  18451]   WARN - .skeletons.PySkeletonRefresher - Cryptodome.Protocol._scrypt 
2023-05-15 14:40:35,976 [  18451]   WARN - .skeletons.PySkeletonRefresher - Cryptodome.Util._cpuid 
2023-05-15 14:40:35,976 [  18451]   WARN - .skeletons.PySkeletonRefresher - Cryptodome.Util._galois 
2023-05-15 14:40:35,976 [  18451]   WARN - .skeletons.PySkeletonRefresher - Cryptodome.Util._strxor 
2023-05-15 14:40:35,976 [  18451]   WARN - .skeletons.PySkeletonRefresher - RPi._GPIO 
2023-05-15 14:40:35,976 [  18451]   WARN - .skeletons.PySkeletonRefresher - black.__init__ 
2023-05-15 14:40:35,976 [  18451]   WARN - .skeletons.PySkeletonRefresher - black.brackets 
2023-05-15 14:40:35,976 [  18451]   WARN - .skeletons.PySkeletonRefresher - black.cache 
2023-05-15 14:40:35,976 [  18451]   WARN - .skeletons.PySkeletonRefresher - black.comments 
2023-05-15 14:40:35,976 [  18451]   WARN - .skeletons.PySkeletonRefresher - black.const 
2023-05-15 14:40:35,976 [  18451]   WARN - .skeletons.PySkeletonRefresher - black.handle_ipynb_magics 
2023-05-15 14:40:35,976 [  18451]   WARN - .skeletons.PySkeletonRefresher - black.linegen 
2023-05-15 14:40:35,976 [  18451]   WARN - .skeletons.PySkeletonRefresher - black.lines 
2023-05-15 14:40:35,976 [  18451]   WARN - .skeletons.PySkeletonRefresher - black.mode 
2023-05-15 14:40:35,976 [  18451]   WARN - .skeletons.PySkeletonRefresher - black.nodes 
2023-05-15 14:40:35,976 [  18451]   WARN - .skeletons.PySkeletonRefresher - black.numerics 
2023-05-15 14:40:35,977 [  18452]   WARN - .skeletons.PySkeletonRefresher - black.parsing 
2023-05-15 14:40:35,977 [  18452]   WARN - .skeletons.PySkeletonRefresher - black.rusty 
2023-05-15 14:40:35,977 [  18452]   WARN - .skeletons.PySkeletonRefresher - black.strings 
2023-05-15 14:40:35,977 [  18452]   WARN - .skeletons.PySkeletonRefresher - black.trans 
2023-05-15 14:40:35,977 [  18452]   WARN - .skeletons.PySkeletonRefresher - blib2to3.pgen2.conv 
2023-05-15 14:40:35,977 [  18452]   WARN - .skeletons.PySkeletonRefresher - caffe2.python.caffe2_pybind11_state 
2023-05-15 14:40:35,977 [  18452]   WARN - .skeletons.PySkeletonRefresher - caffe2.python.caffe2_pybind11_state_gpu 
2023-05-15 14:40:35,977 [  18452]   WARN - .skeletons.PySkeletonRefresher - debugpy._vendored.pydevd._pydevd_bundle.pydevd_cython 
2023-05-15 14:40:35,977 [  18452]   WARN - .skeletons.PySkeletonRefresher - debugpy._vendored.pydevd._pydevd_frame_eval.pydevd_frame_evaluator 
2023-05-15 14:40:35,977 [  18452]   WARN - .skeletons.PySkeletonRefresher - debugpy._vendored.pydevd.pydevd_attach_to_process.attach_linux_amd64 
2023-05-15 14:40:35,977 [  18452]   WARN - .skeletons.PySkeletonRefresher - freetype.libfreetype 
2023-05-15 14:40:35,977 [  18452]   WARN - .skeletons.PySkeletonRefresher - open3d.cpu.open3d_tf_ops 
2023-05-15 14:40:35,977 [  18452]   WARN - .skeletons.PySkeletonRefresher - open3d.cpu.open3d_torch_ops 
2023-05-15 14:40:35,977 [  18452]   WARN - .skeletons.PySkeletonRefresher - open3d.cuda.open3d_tf_ops 
2023-05-15 14:40:35,977 [  18452]   WARN - .skeletons.PySkeletonRefresher - open3d.cuda.open3d_torch_ops 
2023-05-15 14:40:35,977 [  18452]   WARN - .skeletons.PySkeletonRefresher - open3d.cuda.pybind 
2023-05-15 14:40:35,977 [  18452]   WARN - .skeletons.PySkeletonRefresher - pcl._pcl 
2023-05-15 14:40:35,977 [  18452]   WARN - .skeletons.PySkeletonRefresher - pcl.pcl_visualization 
2023-05-15 14:40:35,977 [  18452]   WARN - .skeletons.PySkeletonRefresher - scipy.optimize._lsap_ 
2023-05-15 14:40:35,977 [  18452]   WARN - .skeletons.PySkeletonRefresher - torch.lib.libc10 
2023-05-15 14:40:35,977 [  18452]   WARN - .skeletons.PySkeletonRefresher - torch.lib.libc10_cuda 
2023-05-15 14:40:35,977 [  18452]   WARN - .skeletons.PySkeletonRefresher - torch.lib.libcaffe2_detectron_ops_gpu 
2023-05-15 14:40:35,977 [  18452]   WARN - .skeletons.PySkeletonRefresher - torch.lib.libcaffe2_module_test_dynamic 
2023-05-15 14:40:35,977 [  18452]   WARN - .skeletons.PySkeletonRefresher - torch.lib.libcaffe2_nvrtc 
2023-05-15 14:40:35,977 [  18452]   WARN - .skeletons.PySkeletonRefresher - torch.lib.libcaffe2_observers 
2023-05-15 14:40:35,977 [  18452]   WARN - .skeletons.PySkeletonRefresher - torch.lib.libshm 
2023-05-15 14:40:35,977 [  18452]   WARN - .skeletons.PySkeletonRefresher - torch.lib.libtorch 
2023-05-15 14:40:35,977 [  18452]   WARN - .skeletons.PySkeletonRefresher - torch.lib.libtorch_cpu 
2023-05-15 14:40:35,977 [  18452]   WARN - .skeletons.PySkeletonRefresher - torch.lib.libtorch_cuda 
2023-05-15 14:40:35,977 [  18452]   WARN - .skeletons.PySkeletonRefresher - torch.lib.libtorch_global_deps 
2023-05-15 14:40:35,977 [  18452]   WARN - .skeletons.PySkeletonRefresher - torch.lib.libtorch_python 
2023-05-15 14:40:35,977 [  18452]   WARN - .skeletons.PySkeletonRefresher - torchvision._C 
